# JRE version: Java(TM) SE Runtime Environment (17.0.9+11) (build 17.0.9+11-LTS-201)
# Java VM: Java HotSpot(TM) 64-Bit Server VM (17.0.9+11-LTS-201, mixed mode, sharing, tiered, compressed oops, compressed class ptrs, g1 gc, windows-amd64)
GC Precious Log:
 CPUs: 8 total, 8 available
 Memory: 7914M
 Large Page Support: Disabled
 NUMA Support: Disabled
 Compressed Oops: Enabled (32-bit)
 Heap Region Size: 1M
 Heap Min Capacity: 256M
 Heap Initial Capacity: 256M
 Heap Max Capacity: 512M
 Pre-touch: Disabled
 Parallel Workers: 8
 Concurrent Workers: 2
 Concurrent Refinement Workers: 8
 Periodic GC: Disabled
Heap:
 garbage-first heap   total 319488K, used 273750K [0x00000000e0000000, 0x0000000100000000)
  region size 1024K, 27 young (27648K), 2 survivors (2048K)
 Metaspace       used 159504K, committed 160576K, reserved 524288K
  class space    used 20163K, committed 20672K, reserved 327680K
GC Heap History (20 events):
Event: 1759.278 GC heap before
{Heap before GC invocations=61 (full 0):
 garbage-first heap   total 319488K, used 282957K [0x00000000e0000000, 0x0000000100000000)
  region size 1024K, 58 young (59392K), 3 survivors (3072K)
 Metaspace       used 148963K, committed 150016K, reserved 524288K
  class space    used 18901K, committed 19392K, reserved 327680K
}
Event: 1759.281 GC heap after
{Heap after GC invocations=62 (full 0):
 garbage-first heap   total 319488K, used 226807K [0x00000000e0000000, 0x0000000100000000)
  region size 1024K, 3 young (3072K), 3 survivors (3072K)
 Metaspace       used 148963K, committed 150016K, reserved 524288K
  class space    used 18901K, committed 19392K, reserved 327680K
}
Event: 1759.475 GC heap before
{Heap before GC invocations=62 (full 0):
 garbage-first heap   total 319488K, used 283127K [0x00000000e0000000, 0x0000000100000000)
  region size 1024K, 58 young (59392K), 3 survivors (3072K)
 Metaspace       used 148963K, committed 150016K, reserved 524288K
  class space    used 18901K, committed 19392K, reserved 327680K
}
Event: 1759.479 GC heap after
{Heap after GC invocations=63 (full 0):
 garbage-first heap   total 319488K, used 226525K [0x00000000e0000000, 0x0000000100000000)
  region size 1024K, 3 young (3072K), 3 survivors (3072K)
 Metaspace       used 148963K, committed 150016K, reserved 524288K
  class space    used 18901K, committed 19392K, reserved 327680K
}
Event: 1759.693 GC heap before
{Heap before GC invocations=63 (full 0):
 garbage-first heap   total 319488K, used 282845K [0x00000000e0000000, 0x0000000100000000)
  region size 1024K, 58 young (59392K), 3 survivors (3072K)
 Metaspace       used 148964K, committed 150016K, reserved 524288K
  class space    used 18901K, committed 19392K, reserved 327680K
}
Event: 1759.699 GC heap after
{Heap after GC invocations=64 (full 0):
 garbage-first heap   total 319488K, used 226627K [0x00000000e0000000, 0x0000000100000000)
  region size 1024K, 1 young (1024K), 1 survivors (1024K)
 Metaspace       used 148964K, committed 150016K, reserved 524288K
  class space    used 18901K, committed 19392K, reserved 327680K
}
Event: 1759.894 GC heap before
{Heap before GC invocations=64 (full 0):
 garbage-first heap   total 319488K, used 284995K [0x00000000e0000000, 0x0000000100000000)
  region size 1024K, 58 young (59392K), 1 survivors (1024K)
 Metaspace       used 148964K, committed 150016K, reserved 524288K
  class space    used 18901K, committed 19392K, reserved 327680K
}
Event: 1759.900 GC heap after
{Heap after GC invocations=65 (full 0):
 garbage-first heap   total 319488K, used 226787K [0x00000000e0000000, 0x0000000100000000)
  region size 1024K, 1 young (1024K), 1 survivors (1024K)
 Metaspace       used 148964K, committed 150016K, reserved 524288K
  class space    used 18901K, committed 19392K, reserved 327680K
}
Event: 1760.069 GC heap before
{Heap before GC invocations=65 (full 0):
 garbage-first heap   total 319488K, used 284131K [0x00000000e0000000, 0x0000000100000000)
  region size 1024K, 57 young (58368K), 1 survivors (1024K)
 Metaspace       used 148964K, committed 150016K, reserved 524288K
  class space    used 18901K, committed 19392K, reserved 327680K
}
Event: 1760.071 GC heap after
{Heap after GC invocations=66 (full 0):
 garbage-first heap   total 319488K, used 226723K [0x00000000e0000000, 0x0000000100000000)
  region size 1024K, 1 young (1024K), 1 survivors (1024K)
 Metaspace       used 148964K, committed 150016K, reserved 524288K
  class space    used 18901K, committed 19392K, reserved 327680K
}
Event: 1760.221 GC heap before
{Heap before GC invocations=66 (full 0):
 garbage-first heap   total 319488K, used 284067K [0x00000000e0000000, 0x0000000100000000)
  region size 1024K, 57 young (58368K), 1 survivors (1024K)
 Metaspace       used 148965K, committed 150016K, reserved 524288K
  class space    used 18901K, committed 19392K, reserved 327680K
}
Event: 1760.222 GC heap after
{Heap after GC invocations=67 (full 0):
 garbage-first heap   total 319488K, used 226821K [0x00000000e0000000, 0x0000000100000000)
  region size 1024K, 1 young (1024K), 1 survivors (1024K)
 Metaspace       used 148965K, committed 150016K, reserved 524288K
  class space    used 18901K, committed 19392K, reserved 327680K
}
Event: 1760.427 GC heap before
{Heap before GC invocations=67 (full 0):
 garbage-first heap   total 319488K, used 284165K [0x00000000e0000000, 0x0000000100000000)
  region size 1024K, 57 young (58368K), 1 survivors (1024K)
 Metaspace       used 149012K, committed 150080K, reserved 524288K
  class space    used 18906K, committed 19392K, reserved 327680K
}
Event: 1760.430 GC heap after
{Heap after GC invocations=68 (full 0):
 garbage-first heap   total 319488K, used 226778K [0x00000000e0000000, 0x0000000100000000)
  region size 1024K, 1 young (1024K), 1 survivors (1024K)
 Metaspace       used 149012K, committed 150080K, reserved 524288K
  class space    used 18906K, committed 19392K, reserved 327680K
}
Event: 1761.787 GC heap before
{Heap before GC invocations=68 (full 0):
 garbage-first heap   total 319488K, used 285146K [0x00000000e0000000, 0x0000000100000000)
  region size 1024K, 57 young (58368K), 1 survivors (1024K)
 Metaspace       used 156522K, committed 157568K, reserved 524288K
  class space    used 19839K, committed 20352K, reserved 327680K
}
Event: 1761.813 GC heap after
{Heap after GC invocations=69 (full 0):
 garbage-first heap   total 319488K, used 239743K [0x00000000e0000000, 0x0000000100000000)
  region size 1024K, 8 young (8192K), 8 survivors (8192K)
 Metaspace       used 156522K, committed 157568K, reserved 524288K
  class space    used 19839K, committed 20352K, reserved 327680K
}
Event: 1762.146 GC heap before
{Heap before GC invocations=69 (full 0):
 garbage-first heap   total 319488K, used 272511K [0x00000000e0000000, 0x0000000100000000)
  region size 1024K, 40 young (40960K), 8 survivors (8192K)
 Metaspace       used 157190K, committed 158272K, reserved 524288K
  class space    used 19903K, committed 20416K, reserved 327680K
}
Event: 1762.165 GC heap after
{Heap after GC invocations=70 (full 0):
 garbage-first heap   total 319488K, used 246568K [0x00000000e0000000, 0x0000000100000000)
  region size 1024K, 5 young (5120K), 5 survivors (5120K)
 Metaspace       used 157190K, committed 158272K, reserved 524288K
  class space    used 19903K, committed 20416K, reserved 327680K
}
Event: 1762.926 GC heap before
{Heap before GC invocations=70 (full 0):
 garbage-first heap   total 319488K, used 273192K [0x00000000e0000000, 0x0000000100000000)
  region size 1024K, 31 young (31744K), 5 survivors (5120K)
 Metaspace       used 158521K, committed 159616K, reserved 524288K
  class space    used 20059K, committed 20544K, reserved 327680K
}
Event: 1762.936 GC heap after
{Heap after GC invocations=71 (full 0):
 garbage-first heap   total 319488K, used 249174K [0x00000000e0000000, 0x0000000100000000)
  region size 1024K, 2 young (2048K), 2 survivors (2048K)
 Metaspace       used 158521K, committed 159616K, reserved 524288K
  class space    used 20059K, committed 20544K, reserved 327680K
}

