# JRE version: Java(TM) SE Runtime Environment (17.0.9+11) (build 17.0.9+11-LTS-201)
# Java VM: Java HotSpot(TM) 64-Bit Server VM (17.0.9+11-LTS-201, mixed mode, emulated-client, sharing, tiered, compressed oops, compressed class ptrs, g1 gc, windows-amd64)
GC Precious Log:
 CPUs: 8 total, 8 available
 Memory: 7914M
 Large Page Support: Disabled
 NUMA Support: Disabled
 Compressed Oops: Enabled (32-bit)
 Heap Region Size: 1M
 Heap Min Capacity: 8M
 Heap Initial Capacity: 124M
 Heap Max Capacity: 1980M
 Pre-touch: Disabled
 Parallel Workers: 8
 Concurrent Workers: 2
 Concurrent Refinement Workers: 8
 Periodic GC: Disabled
Heap:
 garbage-first heap   total 70656K, used 38321K [0x0000000084400000, 0x0000000100000000)
  region size 1024K, 12 young (12288K), 2 survivors (2048K)
 Metaspace       used 57194K, committed 57664K, reserved 1114112K
  class space    used 8062K, committed 8320K, reserved 1048576K
GC Heap History (20 events):
Event: 2.152 GC heap before
{Heap before GC invocations=3 (full 0):
 garbage-first heap   total 126976K, used 26575K [0x0000000084400000, 0x0000000100000000)
  region size 1024K, 19 young (19456K), 6 survivors (6144K)
 Metaspace       used 21192K, committed 21504K, reserved 1114112K
  class space    used 2879K, committed 3072K, reserved 1048576K
}
Event: 2.157 GC heap after
{Heap after GC invocations=4 (full 0):
 garbage-first heap   total 126976K, used 15227K [0x0000000084400000, 0x0000000100000000)
  region size 1024K, 6 young (6144K), 6 survivors (6144K)
 Metaspace       used 21192K, committed 21504K, reserved 1114112K
  class space    used 2879K, committed 3072K, reserved 1048576K
}
Event: 2.605 GC heap before
{Heap before GC invocations=5 (full 0):
 garbage-first heap   total 58368K, used 43899K [0x0000000084400000, 0x0000000100000000)
  region size 1024K, 34 young (34816K), 6 survivors (6144K)
 Metaspace       used 24004K, committed 24320K, reserved 1114112K
  class space    used 3292K, committed 3456K, reserved 1048576K
}
Event: 2.611 GC heap after
{Heap after GC invocations=6 (full 0):
 garbage-first heap   total 58368K, used 17423K [0x0000000084400000, 0x0000000100000000)
  region size 1024K, 4 young (4096K), 4 survivors (4096K)
 Metaspace       used 24004K, committed 24320K, reserved 1114112K
  class space    used 3292K, committed 3456K, reserved 1048576K
}
Event: 2.974 GC heap before
{Heap before GC invocations=6 (full 0):
 garbage-first heap   total 58368K, used 39951K [0x0000000084400000, 0x0000000100000000)
  region size 1024K, 26 young (26624K), 4 survivors (4096K)
 Metaspace       used 26367K, committed 26624K, reserved 1114112K
  class space    used 3595K, committed 3712K, reserved 1048576K
}
Event: 2.977 GC heap after
{Heap after GC invocations=7 (full 0):
 garbage-first heap   total 58368K, used 18327K [0x0000000084400000, 0x0000000100000000)
  region size 1024K, 2 young (2048K), 2 survivors (2048K)
 Metaspace       used 26367K, committed 26624K, reserved 1114112K
  class space    used 3595K, committed 3712K, reserved 1048576K
}
Event: 3.508 GC heap before
{Heap before GC invocations=7 (full 0):
 garbage-first heap   total 58368K, used 40855K [0x0000000084400000, 0x0000000100000000)
  region size 1024K, 25 young (25600K), 2 survivors (2048K)
 Metaspace       used 29362K, committed 29696K, reserved 1114112K
  class space    used 4137K, committed 4288K, reserved 1048576K
}
Event: 3.510 GC heap after
{Heap after GC invocations=8 (full 0):
 garbage-first heap   total 58368K, used 19572K [0x0000000084400000, 0x0000000100000000)
  region size 1024K, 3 young (3072K), 3 survivors (3072K)
 Metaspace       used 29362K, committed 29696K, reserved 1114112K
  class space    used 4137K, committed 4288K, reserved 1048576K
}
Event: 3.924 GC heap before
{Heap before GC invocations=8 (full 0):
 garbage-first heap   total 58368K, used 43124K [0x0000000084400000, 0x0000000100000000)
  region size 1024K, 26 young (26624K), 3 survivors (3072K)
 Metaspace       used 32921K, committed 33344K, reserved 1114112K
  class space    used 4675K, committed 4864K, reserved 1048576K
}
Event: 3.928 GC heap after
{Heap after GC invocations=9 (full 0):
 garbage-first heap   total 58368K, used 21574K [0x0000000084400000, 0x0000000100000000)
  region size 1024K, 4 young (4096K), 4 survivors (4096K)
 Metaspace       used 32921K, committed 33344K, reserved 1114112K
  class space    used 4675K, committed 4864K, reserved 1048576K
}
Event: 4.194 GC heap before
{Heap before GC invocations=9 (full 0):
 garbage-first heap   total 58368K, used 43078K [0x0000000084400000, 0x0000000100000000)
  region size 1024K, 25 young (25600K), 4 survivors (4096K)
 Metaspace       used 35290K, committed 35712K, reserved 1114112K
  class space    used 4996K, committed 5184K, reserved 1048576K
}
Event: 4.199 GC heap after
{Heap after GC invocations=10 (full 0):
 garbage-first heap   total 58368K, used 23331K [0x0000000084400000, 0x0000000100000000)
  region size 1024K, 2 young (2048K), 2 survivors (2048K)
 Metaspace       used 35290K, committed 35712K, reserved 1114112K
  class space    used 4996K, committed 5184K, reserved 1048576K
}
Event: 4.255 GC heap before
{Heap before GC invocations=10 (full 0):
 garbage-first heap   total 58368K, used 27427K [0x0000000084400000, 0x0000000100000000)
  region size 1024K, 7 young (7168K), 2 survivors (2048K)
 Metaspace       used 35657K, committed 36096K, reserved 1114112K
  class space    used 5061K, committed 5248K, reserved 1048576K
}
Event: 4.257 GC heap after
{Heap after GC invocations=11 (full 0):
 garbage-first heap   total 70656K, used 23635K [0x0000000084400000, 0x0000000100000000)
  region size 1024K, 1 young (1024K), 1 survivors (1024K)
 Metaspace       used 35657K, committed 36096K, reserved 1114112K
  class space    used 5061K, committed 5248K, reserved 1048576K
}
Event: 4.892 GC heap before
{Heap before GC invocations=12 (full 0):
 garbage-first heap   total 70656K, used 54355K [0x0000000084400000, 0x0000000100000000)
  region size 1024K, 31 young (31744K), 1 survivors (1024K)
 Metaspace       used 40817K, committed 41280K, reserved 1114112K
  class space    used 5862K, committed 6080K, reserved 1048576K
}
Event: 4.895 GC heap after
{Heap after GC invocations=13 (full 0):
 garbage-first heap   total 70656K, used 25036K [0x0000000084400000, 0x0000000100000000)
  region size 1024K, 2 young (2048K), 2 survivors (2048K)
 Metaspace       used 40817K, committed 41280K, reserved 1114112K
  class space    used 5862K, committed 6080K, reserved 1048576K
}
Event: 5.854 GC heap before
{Heap before GC invocations=13 (full 0):
 garbage-first heap   total 70656K, used 55756K [0x0000000084400000, 0x0000000100000000)
  region size 1024K, 32 young (32768K), 2 survivors (2048K)
 Metaspace       used 51141K, committed 51648K, reserved 1114112K
  class space    used 7192K, committed 7424K, reserved 1048576K
}
Event: 5.858 GC heap after
{Heap after GC invocations=14 (full 0):
 garbage-first heap   total 70656K, used 27418K [0x0000000084400000, 0x0000000100000000)
  region size 1024K, 4 young (4096K), 4 survivors (4096K)
 Metaspace       used 51141K, committed 51648K, reserved 1114112K
  class space    used 7192K, committed 7424K, reserved 1048576K
}
Event: 6.287 GC heap before
{Heap before GC invocations=14 (full 0):
 garbage-first heap   total 70656K, used 56090K [0x0000000084400000, 0x0000000100000000)
  region size 1024K, 32 young (32768K), 4 survivors (4096K)
 Metaspace       used 53866K, committed 54400K, reserved 1114112K
  class space    used 7575K, committed 7872K, reserved 1048576K
}
Event: 6.292 GC heap after
{Heap after GC invocations=15 (full 0):
 garbage-first heap   total 70656K, used 29105K [0x0000000084400000, 0x0000000100000000)
  region size 1024K, 2 young (2048K), 2 survivors (2048K)
 Metaspace       used 53866K, committed 54400K, reserved 1114112K
  class space    used 7575K, committed 7872K, reserved 1048576K
}

